<?xml version="1.0" encoding="UTF-8"?>
<!-- Generated by org.testng.reporters.JUnitReportReporter -->
<testsuite hostname="DESKTOP-VTGNNSF" failures="0" tests="2" name="PracticeTest.practice.BrowserStackSetup" time="4.731" errors="0" timestamp="25 Jan 2022 11:42:04 GMT">
  <testcase classname="PracticeTest.practice.BrowserStackSetup" name="enter_userDetails" time="0.617"/>
  <testcase classname="PracticeTest.practice.BrowserStackSetup" name="navigate_to_homepage_click_on_getstarted" time="4.114"/>
</testsuite> <!-- PracticeTest.practice.BrowserStackSetup -->
