<?xml version="1.0" encoding="UTF-8"?>
<!-- Generated by org.testng.reporters.JUnitReportReporter -->
<testsuite hostname="DESKTOP-VTGNNSF" failures="0" tests="1" name="PracticePOM.Practice.crmNEXT" time="46.546" errors="0" timestamp="2022-01-28T15:24:44 IST" skipped="0">
  <testcase classname="PracticePOM.Practice.crmNEXT" name="login" time="46.546"/>
  <system-out/>
</testsuite> <!-- PracticePOM.Practice.crmNEXT -->
