<?xml version="1.0" encoding="UTF-8"?>
<!-- Generated by org.testng.reporters.JUnitReportReporter -->
<testsuite hostname="DESKTOP-VTGNNSF" failures="0" tests="2" name="PracticeTest.practice.BrowserStackSetup" time="4.283" errors="0" timestamp="2022-01-25T16:35:07 IST" skipped="0">
  <testcase classname="PracticeTest.practice.BrowserStackSetup" name="navigate_to_homepage_click_on_getstarted" time="3.540"/>
  <system-out/>
  <testcase classname="PracticeTest.practice.BrowserStackSetup" name="enter_userDetails" time="0.743"/>
  <system-out/>
</testsuite> <!-- PracticeTest.practice.BrowserStackSetup -->
