<?xml version="1.0" encoding="UTF-8"?>
<!-- Generated by org.testng.reporters.JUnitReportReporter -->
<testsuite hostname="DESKTOP-VTGNNSF" failures="0" tests="1" name="PracticePOM.Practice.youtuber" time="7.399" errors="1" timestamp="2022-01-24T16:37:57 IST" skipped="0">
  <testcase classname="PracticePOM.Practice.youtuber" name="load" time="7.399">
    <error message="Could not start a new session. Response code 500. Message: An unknown server-side error occurred while processing the command. Original error: Cannot verify the signature of &#039;C:\Users\MY\AppData\Local\Temp\2022024-2448-x682rl.drfje\appium-uiautomator2-server-v4.24.0.apk&#039;. Original error: The JAVA_HOME location &#039;C:\Program Files\Java\jdk-17.0.1&#039; must exist
Build info: version: &#039;4.1.1&#039;, revision: &#039;e8fcc2cecf&#039;
System info: host: &#039;DESKTOP-VTGNNSF&#039;, ip: &#039;172.25.128.1&#039;, os.name: &#039;Windows 10&#039;, os.arch: &#039;amd64&#039;, os.version: &#039;10.0&#039;, java.version: &#039;11.0.14&#039;
Driver info: io.appium.java_client.AppiumDriver
Command: [null, newSession {capabilities=[{appium:appActivity=com.google.android.youtube.app.honeycomb.Shell$HomeActivity, appium:appPackage=com.google.android.youtube, appium:atomationName=UiAutomator2, appium:deviceName=Pixel_XL_API_30, platformName=android, appium:platformVersion=11}], desiredCapabilities=Capabilities {appActivity: com.google.android.youtube...., appPackage: com.google.android.youtube, atomationName: UiAutomator2, deviceName: Pixel_XL_API_30, platformName: android, platformVersion: 11}}]
Capabilities {}" type="org.openqa.selenium.SessionNotCreatedException">
      <![CDATA[org.openqa.selenium.SessionNotCreatedException: Could not start a new session. Response code 500. Message: An unknown server-side error occurred while processing the command. Original error: Cannot verify the signature of 'C:\Users\MY\AppData\Local\Temp\2022024-2448-x682rl.drfje\appium-uiautomator2-server-v4.24.0.apk'. Original error: The JAVA_HOME location 'C:\Program Files\Java\jdk-17.0.1' must exist
Build info: version: '4.1.1', revision: 'e8fcc2cecf'
System info: host: 'DESKTOP-VTGNNSF', ip: '172.25.128.1', os.name: 'Windows 10', os.arch: 'amd64', os.version: '10.0', java.version: '11.0.14'
Driver info: io.appium.java_client.AppiumDriver
Command: [null, newSession {capabilities=[{appium:appActivity=com.google.android.youtube.app.honeycomb.Shell$HomeActivity, appium:appPackage=com.google.android.youtube, appium:atomationName=UiAutomator2, appium:deviceName=Pixel_XL_API_30, platformName=android, appium:platformVersion=11}], desiredCapabilities=Capabilities {appActivity: com.google.android.youtube...., appPackage: com.google.android.youtube, atomationName: UiAutomator2, deviceName: Pixel_XL_API_30, platformName: android, platformVersion: 11}}]
Capabilities {}
at org.openqa.selenium.remote.ProtocolHandshake.createSession(ProtocolHandshake.java:126)
at java.base/jdk.internal.reflect.NativeMethodAccessorImpl.invoke0(Native Method)
at java.base/jdk.internal.reflect.NativeMethodAccessorImpl.invoke(NativeMethodAccessorImpl.java:62)
at java.base/jdk.internal.reflect.DelegatingMethodAccessorImpl.invoke(DelegatingMethodAccessorImpl.java:43)
at java.base/java.lang.reflect.Method.invoke(Method.java:566)
at io.appium.java_client.remote.AppiumProtocolHandshake.createSession(AppiumProtocolHandshake.java:126)
at io.appium.java_client.remote.AppiumProtocolHandshake.createSession(AppiumProtocolHandshake.java:102)
at io.appium.java_client.remote.AppiumCommandExecutor.createSession(AppiumCommandExecutor.java:146)
at io.appium.java_client.remote.AppiumCommandExecutor.execute(AppiumCommandExecutor.java:180)
at org.openqa.selenium.remote.RemoteWebDriver.execute(RemoteWebDriver.java:543)
at io.appium.java_client.AppiumDriver.startSession(AppiumDriver.java:225)
at org.openqa.selenium.remote.RemoteWebDriver.<init>(RemoteWebDriver.java:151)
at io.appium.java_client.AppiumDriver.<init>(AppiumDriver.java:79)
at io.appium.java_client.AppiumDriver.<init>(AppiumDriver.java:87)
at PracticePOM.Practice.youtuber.load(youtuber.java:35)
at java.base/jdk.internal.reflect.NativeMethodAccessorImpl.invoke0(Native Method)
at java.base/jdk.internal.reflect.NativeMethodAccessorImpl.invoke(NativeMethodAccessorImpl.java:62)
at java.base/jdk.internal.reflect.DelegatingMethodAccessorImpl.invoke(DelegatingMethodAccessorImpl.java:43)
at java.base/java.lang.reflect.Method.invoke(Method.java:566)
at org.testng.internal.MethodInvocationHelper.invokeMethod(MethodInvocationHelper.java:133)
at org.testng.internal.MethodInvocationHelper.invokeMethodConsideringTimeout(MethodInvocationHelper.java:62)
at org.testng.internal.ConfigInvoker.invokeConfigurationMethod(ConfigInvoker.java:385)
at org.testng.internal.ConfigInvoker.invokeConfigurations(ConfigInvoker.java:321)
at org.testng.TestRunner.invokeTestConfigurations(TestRunner.java:637)
at org.testng.TestRunner.beforeRun(TestRunner.java:627)
at org.testng.TestRunner.run(TestRunner.java:589)
at org.testng.SuiteRunner.runTest(SuiteRunner.java:377)
at org.testng.SuiteRunner.runSequentially(SuiteRunner.java:371)
at org.testng.SuiteRunner.privateRun(SuiteRunner.java:332)
at org.testng.SuiteRunner.run(SuiteRunner.java:276)
at org.testng.SuiteRunnerWorker.runSuite(SuiteRunnerWorker.java:53)
at org.testng.SuiteRunnerWorker.run(SuiteRunnerWorker.java:96)
at org.testng.TestNG.runSuitesSequentially(TestNG.java:1212)
at org.testng.TestNG.runSuitesLocally(TestNG.java:1134)
at org.testng.TestNG.runSuites(TestNG.java:1063)
at org.testng.TestNG.run(TestNG.java:1031)
at org.testng.remote.AbstractRemoteTestNG.run(AbstractRemoteTestNG.java:115)
at org.testng.remote.RemoteTestNG.initAndRun(RemoteTestNG.java:251)
at org.testng.remote.RemoteTestNG.main(RemoteTestNG.java:77)
]]>
    </error>
  </testcase> <!-- load -->
  <system-out/>
</testsuite> <!-- PracticePOM.Practice.youtuber -->
